npm warn ERESOLVE overriding peer dependency
npm warn While resolving: grid-delta-cn@0.1.0
npm warn Found: react@18.3.1
npm warn node_modules/react
npm warn   peer react@"^18.3.1" from react-dom@18.3.1
npm warn   node_modules/react-dom
npm warn     peer react-dom@"^16.8.0 || ^17.0.0 || ^18.0.0 || ^19.0.0" from react-smooth@4.0.4
npm warn     node_modules/react-smooth
npm warn     4 more (react-transition-group, recharts, the root project, next)
npm warn   5 more (react-smooth, react-transition-group, recharts, ...)
npm warn
npm warn Could not resolve dependency:
npm warn peer react@"^18.3.1" from react-dom@18.3.1
npm warn node_modules/react-dom
npm warn   peer react-dom@"^16.8.0 || ^17.0.0 || ^18.0.0 || ^19.0.0" from react-smooth@4.0.4
npm warn   node_modules/react-smooth
npm warn   4 more (react-transition-group, recharts, the root project, next)
npm warn ERESOLVE overriding peer dependency
npm warn While resolving: grid-delta-cn@0.1.0
npm warn Found: react@18.3.1
npm warn node_modules/react
npm warn   peer react@"^18.3.1" from react-dom@18.3.1
npm warn   node_modules/react-dom
npm warn     peer react-dom@"^16.8.0 || ^17.0.0 || ^18.0.0 || ^19.0.0" from react-smooth@4.0.4
npm warn     node_modules/react-smooth
npm warn     4 more (react-transition-group, recharts, the root project, next)
npm warn   5 more (react-smooth, react-transition-group, recharts, ...)
npm warn
npm warn Could not resolve dependency:
npm warn peer react@"^18.3.1" from react-dom@18.3.1
npm warn node_modules/react-dom
npm warn   peer react-dom@"^16.8.0 || ^17.0.0 || ^18.0.0 || ^19.0.0" from react-smooth@4.0.4
npm warn   node_modules/react-smooth
npm warn   4 more (react-transition-group, recharts, the root project, next)
npm warn ERESOLVE overriding peer dependency
npm warn While resolving: grid-delta-cn@0.1.0
npm warn Found: react@18.3.1
npm warn node_modules/react
npm warn   peer react@"^18.3.1" from react-dom@18.3.1
npm warn   node_modules/react-dom
npm warn     peer react-dom@"^16.8.0 || ^17.0.0 || ^18.0.0 || ^19.0.0" from react-smooth@4.0.4
npm warn     node_modules/react-smooth
npm warn     4 more (react-transition-group, recharts, the root project, next)
npm warn   5 more (react-smooth, react-transition-group, recharts, ...)
npm warn
npm warn Could not resolve dependency:
npm warn peer react@"^16.0.0 || ^17.0.0 || ^18.0.0" from recharts@2.12.7
npm warn node_modules/recharts
npm warn   recharts@"2.12.7" from the root project
npm warn ERESOLVE overriding peer dependency
npm warn While resolving: grid-delta-cn@0.1.0
npm warn Found: react-dom@18.3.1
npm warn node_modules/react-dom
npm warn   peer react-dom@"^16.8.0 || ^17.0.0 || ^18.0.0 || ^19.0.0" from react-smooth@4.0.4
npm warn   node_modules/react-smooth
npm warn     react-smooth@"^4.0.0" from recharts@2.12.7
npm warn     node_modules/recharts
npm warn   4 more (react-transition-group, recharts, the root project, next)
npm warn
npm warn Could not resolve dependency:
npm warn peer react-dom@"^16.0.0 || ^17.0.0 || ^18.0.0" from recharts@2.12.7
npm warn node_modules/recharts
npm warn   recharts@"2.12.7" from the root project
npm warn deprecated rimraf@3.0.2: Rimraf versions prior to v4 are no longer supported
npm warn deprecated inflight@1.0.6: This module is not supported, and leaks memory. Do not use it. Check out lru-cache if you want a good and tested way to coalesce async requests by a key value, which is much more comprehensive and powerful.
npm warn deprecated @humanwhocodes/object-schema@2.0.3: Use @eslint/object-schema instead
npm warn deprecated @humanwhocodes/config-array@0.13.0: Use @eslint/config-array instead
npm warn deprecated glob@7.2.3: Old versions of glob are not supported, and contain widely publicized security vulnerabilities, which have been fixed in the current version. Please update. Support for old versions may be purchased (at exorbitant rates) by contacting i@izs.me
npm warn deprecated glob@10.3.10: Old versions of glob are not supported, and contain widely publicized security vulnerabilities, which have been fixed in the current version. Please update. Support for old versions may be purchased (at exorbitant rates) by contacting i@izs.me
npm warn deprecated recharts@2.12.7: 1.x and 2.x branches are no longer active. Bump to Recharts v3 to receive latest features and bugfixes. See https://github.com/recharts/recharts/wiki/3.0-migration-guide
npm warn deprecated eslint@8.57.1: This version is no longer supported. Please see https://eslint.org/version-support for other options.

added 427 packages, and audited 428 packages in 21s

159 packages are looking for funding
  run `npm fund` for details

5 vulnerabilities (2 moderate, 3 high)

To address all issues (including breaking changes), run:
  npm audit fix --force

Run `npm audit` for details.
npm error code ERESOLVE
npm error ERESOLVE could not resolve
npm error
npm error While resolving: recharts@2.12.7
npm error Found: react@19.2.7
npm error node_modules/react
npm error   peer react@"^18.2.0 || 19.0.0-rc-de68d2f4-20241204 || ^19.0.0" from next@15.5.19
npm error   node_modules/next
npm error     next@"15.5.19" from the root project
npm error   peer react@"^19.2.7" from react-dom@19.2.7
npm error   node_modules/react-dom
npm error     peer react-dom@"^18.2.0 || 19.0.0-rc-de68d2f4-20241204 || ^19.0.0" from next@15.5.19
npm error     node_modules/next
npm error       next@"15.5.19" from the root project
npm error     peer react-dom@"^16.8.0 || ^17.0.0 || ^18.0.0 || ^19.0.0" from react-smooth@4.0.4
npm error     node_modules/react-smooth
npm error       react-smooth@"^4.0.0" from recharts@2.12.7
npm error       node_modules/recharts
npm error         recharts@"2.12.7" from the root project
npm error     2 more (react-transition-group, the root project)
npm error   4 more (react-smooth, react-transition-group, styled-jsx, the root project)
npm error
npm error Could not resolve dependency:
npm error peer react@"^16.0.0 || ^17.0.0 || ^18.0.0" from recharts@2.12.7
npm error node_modules/recharts
npm error   recharts@"2.12.7" from the root project
npm error
npm error Conflicting peer dependency: react@18.3.1
npm error node_modules/react
npm error   peer react@"^16.0.0 || ^17.0.0 || ^18.0.0" from recharts@2.12.7
npm error   node_modules/recharts
npm error     recharts@"2.12.7" from the root project
npm error
npm error Fix the upstream dependency conflict, or retry
npm error this command with --force or --legacy-peer-deps
npm error to accept an incorrect (and potentially broken) dependency resolution.
npm error
npm error
npm error For a full report see:
npm error /home/runner/.npm/_logs/2026-06-18T11_11_15_720Z-eresolve-report.txt
npm error A complete log of this run can be found in: /home/runner/.npm/_logs/2026-06-18T11_11_15_720Z-debug-0.log
