
> grid-delta-cn@0.1.0 build
> next build

⚠ No build cache found. Please configure build caching for faster rebuilds. Read more: https://nextjs.org/docs/messages/no-cache
Attention: Next.js now collects completely anonymous telemetry regarding usage.
This information is used to shape Next.js' roadmap and prioritize features.
You can learn more, including how to opt-out if you'd not like to participate in this anonymous program, by visiting the following URL:
https://nextjs.org/telemetry

   ▲ Next.js 15.5.19

   Creating an optimized production build ...
 ✓ Compiled successfully in 7.3s
   Linting and checking validity of types ...
   Collecting page data ...
   Generating static pages (0/14) ...
   Generating static pages (3/14) 
   Generating static pages (6/14) 
   Generating static pages (10/14) 
 ✓ Generating static pages (14/14)
   Finalizing page optimization ...
   Collecting build traces ...

Route (app)                                 Size  First Load JS  Revalidate  Expire
┌ ○ /                                      41 kB         147 kB         30s      1y
├ ○ /_not-found                            995 B         103 kB
├ ƒ /api/f1/live                           141 B         103 kB
├ ƒ /api/f1/race-control                   141 B         103 kB
├ ƒ /api/f1/standings                      141 B         103 kB
├ ƒ /api/openf1/[endpoint]                 141 B         103 kB
├ ○ /drivers                             1.58 kB         107 kB
├ ƒ /drivers/[driverCode]                  168 B         106 kB
├ ƒ /lap-analysis                          170 B         106 kB
├ ○ /live                                2.11 kB         108 kB
├ ○ /project                               168 B         106 kB
├ ƒ /race-control                          170 B         106 kB
├ ƒ /race-weekend                        1.27 kB         107 kB
├ ƒ /results                               170 B         106 kB
├ ○ /robots.txt                            141 B         103 kB
├ ○ /schedule                            1.85 kB         108 kB         30s      1y
├ ○ /sitemap.xml                           141 B         103 kB
├ ○ /standings                             168 B         106 kB
└ ƒ /weather                               170 B         106 kB
+ First Load JS shared by all             102 kB
  ├ chunks/255-98a0bdaa30757bda.js       46.2 kB
  ├ chunks/4bd1b696-c023c6e3521b1417.js  54.2 kB
  └ other shared chunks (total)          1.96 kB


○  (Static)   prerendered as static content
ƒ  (Dynamic)  server-rendered on demand

